<?xml version="1.0" encoding="UTF-8"?>
<!-- Generated by org.testng.reporters.JUnitReportReporter -->
<testsuite skipped="0" hostname="DESKTOP-5TM7M6R" name="DataPackage1.DataTest1" tests="5" failures="0" timestamp="27 Nov 2022 12:49:12 GMT" time="32.731" errors="0">
  <testcase name="validateLogin" time="6.210" classname="DataPackage1.DataTest1"/>
  <testcase name="validateLogin" time="10.630" classname="DataPackage1.DataTest1"/>
  <testcase name="validateLogin" time="5.178" classname="DataPackage1.DataTest1"/>
  <testcase name="validateLogin" time="5.048" classname="DataPackage1.DataTest1"/>
  <testcase name="validateLogin" time="5.665" classname="DataPackage1.DataTest1"/>
</testsuite> <!-- DataPackage1.DataTest1 -->
