<?xml version="1.0" encoding="UTF-8"?>
<!-- Generated by org.testng.reporters.JUnitReportReporter -->
<testsuite skipped="0" hostname="DESKTOP-5TM7M6R" name="Asserts_test.testA2" tests="1" failures="0" timestamp="27 Nov 2022 15:01:43 GMT" time="8.955" errors="0">
  <testcase name="validate_title" time="8.955" classname="Asserts_test.testA2"/>
</testsuite> <!-- Asserts_test.testA2 -->
