<?xml version="1.0" encoding="UTF-8"?>
<!-- Generated by org.testng.reporters.JUnitReportReporter -->
<testsuite skipped="0" hostname="DESKTOP-5TM7M6R" name="excelOP.calculationTest" tests="1" failures="0" timestamp="09 Dec 2022 06:28:26 GMT" time="55.760" errors="0">
  <testcase name="verifyPercentage" time="55.760" classname="excelOP.calculationTest"/>
</testsuite> <!-- excelOP.calculationTest -->
