<?xml version="1.0" encoding="UTF-8"?>
<!-- Generated by org.testng.reporters.JUnitReportReporter -->
<testsuite skipped="0" hostname="DESKTOP-5TM7M6R" name="extentReports" tests="2" failures="0" timestamp="09 Dec 2022 06:27:08 GMT" time="38.503" errors="0">
  <testcase name="FailTest" time="27.861" classname="extentReports"/>
  <testcase name="PassTest" time="10.642" classname="extentReports"/>
</testsuite> <!-- extentReports -->
