<?xml version="1.0" encoding="UTF-8"?>
<!-- Generated by org.testng.reporters.JUnitReportReporter -->
<testsuite skipped="0" hostname="DESKTOP-5TM7M6R" name="TestNG_second.ExtReports" tests="2" failures="0" timestamp="09 Dec 2022 06:17:06 GMT" time="25.378" errors="0">
  <testcase name="FailTest" time="13.538" classname="TestNG_second.ExtReports"/>
  <testcase name="PassTest" time="11.840" classname="TestNG_second.ExtReports"/>
</testsuite> <!-- TestNG_second.ExtReports -->
