<?xml version="1.0" encoding="UTF-8"?>
<!-- Generated by org.testng.reporters.JUnitReportReporter -->
<testsuite skipped="0" hostname="DESKTOP-5TM7M6R" name="DataPackage1.crossBrowserTest" tests="10" failures="0" timestamp="29 Nov 2022 09:05:10 GMT" time="72.288" errors="0">
  <testcase name="validateLogin" time="5.112" classname="DataPackage1.crossBrowserTest"/>
  <testcase name="validateLogin" time="4.895" classname="DataPackage1.crossBrowserTest"/>
  <testcase name="validateLogin" time="14.450" classname="DataPackage1.crossBrowserTest"/>
  <testcase name="validateLogin" time="5.569" classname="DataPackage1.crossBrowserTest"/>
  <testcase name="validateLogin" time="6.597" classname="DataPackage1.crossBrowserTest"/>
  <testcase name="validateLogin" time="6.772" classname="DataPackage1.crossBrowserTest"/>
  <testcase name="validateLogin" time="12.686" classname="DataPackage1.crossBrowserTest"/>
  <testcase name="validateLogin" time="5.797" classname="DataPackage1.crossBrowserTest"/>
  <testcase name="validateLogin" time="4.489" classname="DataPackage1.crossBrowserTest"/>
  <testcase name="validateLogin" time="5.921" classname="DataPackage1.crossBrowserTest"/>
</testsuite> <!-- DataPackage1.crossBrowserTest -->
