<?xml version="1.0" encoding="UTF-8"?>
<!-- Generated by org.testng.reporters.JUnitReportReporter -->
<testsuite skipped="0" hostname="DESKTOP-5TM7M6R" name="Asserts_test.testA1" tests="1" failures="0" timestamp="27 Nov 2022 14:57:28 GMT" time="13.949" errors="0">
  <testcase name="validate_title" time="13.949" classname="Asserts_test.testA1"/>
</testsuite> <!-- Asserts_test.testA1 -->
