<?xml version="1.0" encoding="UTF-8"?>
<!-- Generated by org.testng.reporters.JUnitReportReporter -->
<testsuite skipped="0" hostname="DESKTOP-5TM7M6R" name="Asserts_test.testA3" tests="1" failures="0" timestamp="27 Nov 2022 15:08:06 GMT" time="11.413" errors="0">
  <testcase name="validate_title" time="11.413" classname="Asserts_test.testA3"/>
</testsuite> <!-- Asserts_test.testA3 -->
