<?xml version="1.0" encoding="UTF-8"?>
<!-- Generated by org.testng.reporters.JUnitReportReporter -->
<testsuite skipped="0" hostname="DESKTOP-5TM7M6R" name="TestNG_second.NewTest" tests="3" failures="0" timestamp="26 Nov 2022 10:57:07 GMT" time="29.782" errors="0">
  <testcase name="ibanking" time="9.131" classname="TestNG_second.NewTest"/>
  <testcase name="cbanking" time="10.917" classname="TestNG_second.NewTest"/>
  <testcase name="pbanking" time="9.734" classname="TestNG_second.NewTest"/>
</testsuite> <!-- TestNG_second.NewTest -->
