<?xml version="1.0" encoding="UTF-8"?>
<!-- Generated by org.testng.reporters.JUnitReportReporter -->
<testsuite skipped="0" hostname="DESKTOP-5TM7M6R" name="TestNG_second.NewTest" tests="3" failures="0" timestamp="09 Dec 2022 06:14:49 GMT" time="24.562" errors="0">
  <testcase name="pbanking" time="7.735" classname="TestNG_second.NewTest"/>
  <testcase name="ibanking" time="9.204" classname="TestNG_second.NewTest"/>
  <testcase name="cbanking" time="7.623" classname="TestNG_second.NewTest"/>
</testsuite> <!-- TestNG_second.NewTest -->
