<?xml version="1.0" encoding="UTF-8"?>
<!-- Generated by org.testng.reporters.JUnitReportReporter -->
<testsuite skipped="0" hostname="DESKTOP-5TM7M6R" name="Test1.NewTest1" tests="3" failures="0" timestamp="26 Nov 2022 07:51:42 GMT" time="0.032" errors="0">
  <testcase name="Compose" time="0.016" classname="Test1.NewTest1"/>
  <testcase name="Login" time="0.000" classname="Test1.NewTest1"/>
  <testcase name="reply" time="0.016" classname="Test1.NewTest1"/>
</testsuite> <!-- Test1.NewTest1 -->
