<?xml version="1.0" encoding="UTF-8"?>
<!-- Generated by org.testng.reporters.JUnitReportReporter -->
<testsuite skipped="0" hostname="DESKTOP-5TM7M6R" name="excelOP.calculationTest" tests="1" failures="0" timestamp="30 Dec 2022 12:20:28 GMT" time="155.273" errors="0">
  <testcase name="verifyPercentage" time="155.273" classname="excelOP.calculationTest"/>
</testsuite> <!-- excelOP.calculationTest -->
