<?xml version="1.0" encoding="UTF-8"?>
<!-- Generated by org.testng.reporters.JUnitReportReporter -->
<testsuite skipped="0" hostname="DESKTOP-5TM7M6R" name="Fourth_calculateTest" tests="1" failures="0" timestamp="27 Nov 2022 08:39:17 GMT" time="4.446" errors="0">
  <testcase name="division" time="4.446" classname="Fourth_calculateTest"/>
</testsuite> <!-- Fourth_calculateTest -->
