<?xml version="1.0" encoding="UTF-8"?>
<!-- Generated by org.testng.reporters.JUnitReportReporter -->
<testsuite skipped="0" hostname="DESKTOP-5TM7M6R" name="ThirdTest.Fourth_calculateTest" tests="3" failures="0" timestamp="27 Nov 2022 09:42:22 GMT" time="13.163" errors="0">
  <testcase name="Multiplication" time="4.453" classname="ThirdTest.Fourth_calculateTest"/>
  <testcase name="division" time="4.396" classname="ThirdTest.Fourth_calculateTest"/>
  <testcase name="addition" time="4.314" classname="ThirdTest.Fourth_calculateTest"/>
</testsuite> <!-- ThirdTest.Fourth_calculateTest -->
